 
===== Movie Poster Request - Deploy Log ===== 
Date: 2026-01-23 Time: 1048 PM 
============================================== 
 
 
[Step 1] Checking dependencies... 
Checking Node.js... 
Node.js: OK 
Checking npm... 
npm: OK 
Checking clasp... 
clasp: OK 
 
 
[Step 2] Getting Script ID from user... 
Script ID entered: 1X1xMzifQou79K33mlbhvdPHWL6C576JN2-qgUUqV0ydFp4HtxdkPeq8Q 
 
[Step 3] Linking and deploying... 
Script ID: 1X1xMzifQou79K33mlbhvdPHWL6C576JN2-qgUUqV0ydFp4HtxdkPeq8Q 
Creating .clasp.json with Script ID... 
.clasp.json created successfully 
.clasp.json contents: 
{
  "scriptId": "1X1xMzifQou79K33mlbhvdPHWL6C576JN2-qgUUqV0ydFp4HtxdkPeq8Q",
  "rootDir": "main"
}
 
Checking main folder... 
main folder found 
 Volume in drive C has no label.
 Volume Serial Number is A0E9-7462

 Directory of C:\Users\gavin\OneDrive\Desktop\GH Poster Repo\Movie-Poster-Request\main

01/23/2026  08:29 PM    <DIR>          .
01/23/2026  10:48 PM    <DIR>          ..
01/23/2026  03:12 PM               291 .clasp.json
01/23/2026  08:28 PM             5,586 00_Config.js
01/23/2026  07:57 PM             7,660 01_Setup.js
01/23/2026  08:53 PM             7,901 02A_CacheManager.js
01/23/2026  07:57 PM             4,356 02_Utils.js
01/23/2026  07:33 PM             6,674 03_ErrorHandler.js
01/23/2026  07:33 PM             3,869 04_FormManager.js
01/23/2026  08:55 PM             1,830 05_SyncForm.js
01/23/2026  08:53 PM            10,483 06_SubmitHandler.js
01/23/2026  08:53 PM             6,274 07_Ledger.js
01/23/2026  07:33 PM            13,288 08_Analytics.js
01/23/2026  08:28 PM            14,356 09_DataIntegrity.js
01/23/2026  08:28 PM             9,660 10_BackupManager.js
01/23/2026  07:33 PM             5,556 11_Boards.js
01/23/2026  03:12 PM             6,726 12_PrintSelection.js
01/23/2026  08:55 PM             2,350 13_PrintOutInventory.js
01/23/2026  08:28 PM             8,747 14_Documentation.js
01/23/2026  07:33 PM             5,232 15_EmployeeViewSync.js
01/23/2026  05:47 PM             9,690 16_AdminHealthBanner.js
01/23/2026  08:28 PM            11,907 17_Announcements.js
01/23/2026  07:33 PM             4,652 18_CustomAnnouncements.js
01/23/2026  08:53 PM             6,817 19_ManualRequestEntry.js
01/23/2026  08:53 PM            13,989 20_BulkSimulator.js
01/23/2026  08:28 PM            10,339 99_BackupTests.js
01/23/2026  05:47 PM             7,309 99_Debuging.js
01/23/2026  03:12 PM               133 appsscript.json
              26 File(s)        185,675 bytes
               2 Dir(s)  1,416,724,148,224 bytes free
 
Checking clasp status... 
Tracked files:
└─ main\00_Config.js
└─ main\01_Setup.js
└─ main\02_Utils.js
└─ main\02A_CacheManager.js
└─ main\03_ErrorHandler.js
└─ main\04_FormManager.js
└─ main\05_SyncForm.js
└─ main\06_SubmitHandler.js
└─ main\07_Ledger.js
└─ main\08_Analytics.js
└─ main\09_DataIntegrity.js
└─ main\10_BackupManager.js
└─ main\11_Boards.js
└─ main\12_PrintSelection.js
└─ main\13_PrintOutInventory.js
└─ main\14_Documentation.js
└─ main\15_EmployeeViewSync.js
└─ main\16_AdminHealthBanner.js
└─ main\17_Announcements.js
└─ main\18_CustomAnnouncements.js
└─ main\19_ManualRequestEntry.js
└─ main\20_BulkSimulator.js
└─ main\99_BackupTests.js
└─ main\99_Debuging.js
└─ main\appsscript.json
Untracked files:
└─ main\.clasp.json
