 
===== Movie Poster Request - Deploy Log ===== 
Date: 2026-01-23 Time: 1045 PM 
============================================== 
 
 
[Step 1] Checking dependencies... 
Checking Node.js... 
Node.js: OK 
Checking npm... 
npm: OK 
Checking clasp... 
clasp: OK 
 
 
[Step 2] Getting Script ID from user... 
Script ID entered: 1X1xMzifQou79K33mlbhvdPHWL6C576JN2-qgUUqV0ydFp4HtxdkPeq8Q 
 
[Step 3] Linking and deploying... 
Script ID: 1X1xMzifQou79K33mlbhvdPHWL6C576JN2-qgUUqV0ydFp4HtxdkPeq8Q 
.clasp.json already exists 
Updating existing .clasp.json with new Script ID... 
Backing up old .clasp.json 
Updated existing .clasp.json 
Executing: clasp push -f 
Project settings not found.
